2025-08-24 21:31:04,053 [INFO] MainThread: [MainThread] Processing PDF: CAL Other Bridges.pdf
2025-08-24 21:31:05,304 [INFO] MainThread: [MainThread] Processing PDF: CALs.pdf
2025-08-24 21:31:06,092 [INFO] MainThread: [MainThread] Processing PDF: EMS E5.pdf
2025-08-24 21:31:08,159 [INFO] MainThread: [MainThread] Processing PDF: Entra ID Paid.pdf
2025-08-24 21:31:09,533 [INFO] MainThread: [MainThread] Processing PDF: Microsoft 365 Apps Business.pdf
2025-08-24 21:31:09,886 [INFO] MainThread: [MainThread] Processing PDF: Microsoft 365 Business All.pdf
2025-08-24 21:31:23,886 [INFO] MainThread: [MainThread] Processing PDF: Microsoft 365 Education A1 for Devices.pdf
2025-08-24 21:31:28,245 [INFO] MainThread: [MainThread] Processing PDF: Microsoft 365 Education A5.pdf
2025-08-24 21:31:35,257 [INFO] MainThread: [MainThread] Processing PDF: Microsoft 365 Enterprise All.pdf
2025-08-24 21:31:56,639 [INFO] MainThread: [MainThread] Processing PDF: Microsoft 365 F1.pdf
2025-08-24 21:32:01,667 [INFO] MainThread: [MainThread] Processing PDF: Microsoft 365 F5.pdf
2025-08-24 21:32:09,845 [INFO] MainThread: [MainThread] Processing PDF: Microsoft Defender for Endpoint.pdf
2025-08-24 21:32:10,850 [INFO] MainThread: [MainThread] Processing PDF: Microsoft Project.pdf
2025-08-24 21:32:12,063 [INFO] MainThread: [MainThread] Processing PDF: Microsoft Teams Premium.pdf
2025-08-24 21:32:12,720 [INFO] MainThread: [MainThread] Processing PDF: Microsoft Teams Rooms Basic.pdf
2025-08-24 21:32:13,164 [INFO] MainThread: [MainThread] Processing PDF: Microsoft Teams Rooms Pro.pdf
2025-08-24 21:32:14,086 [INFO] MainThread: [MainThread] Processing PDF: Microsoft Visio.pdf
2025-08-24 21:32:15,305 [INFO] MainThread: [MainThread] Processing PDF: Multi Tenant Architecture.pdf
2025-08-24 21:32:18,846 [INFO] MainThread: [MainThread] Processing PDF: Office 365 E3.pdf
2025-08-24 21:32:20,359 [INFO] MainThread: [MainThread] Processing PDF: Office 365 Education All.pdf
2025-08-24 21:32:24,938 [INFO] MainThread: [MainThread] Processing PDF: Office 365 Enterprise Simple.pdf
2025-08-24 21:32:27,780 [INFO] MainThread: [MainThread] Processing PDF: Office 365 GCC All.pdf
2025-08-24 21:32:31,172 [INFO] MainThread: [MainThread] Processing PDF: SharePoint Advanced Management.pdf
2025-08-24 21:32:32,236 [INFO] MainThread: [MainThread] Processing PDF: Viva.pdf
2025-08-24 21:32:33,166 [INFO] MainThread: [MainThread] Processing PDF: Windows Enterprise.pdf
