2025-08-24 21:31:02,042 [INFO] MainThread: ================================================================================
2025-08-24 21:31:02,043 [INFO] MainThread: STARTING PARALLEL ENHANCED MASTER DATA BUILDER
2025-08-24 21:31:02,043 [INFO] MainThread: ================================================================================
2025-08-24 21:31:02,043 [INFO] MainThread: System: 16 CPU cores, Max workers: 8
2025-08-24 21:31:02,043 [INFO] MainThread: Memory limit per process: 2048MB
2025-08-24 21:31:02,044 [INFO] MainThread: PDF timeout: 300s
2025-08-24 21:31:02,046 [INFO] MainThread: Found 89 files to process
2025-08-24 21:31:02,046 [INFO] MainThread: 
============================================================
2025-08-24 21:31:02,046 [INFO] MainThread: STARTING PARALLEL PROCESSING
2025-08-24 21:31:02,046 [INFO] MainThread: ============================================================
2025-08-24 21:31:02,047 [INFO] MainThread: File distribution: 1 CSV, 2 Excel, 86 PDF
2025-08-24 21:31:02,047 [INFO] MainThread: Processing 3 CSV/Excel files with 8 threads...
2025-08-24 21:31:02,048 [INFO] ThreadPoolExecutor-0_0: [ThreadPoolExecutor-0_0] Processing CSV: Microsoft-365-Matrix-Export.csv
2025-08-24 21:31:02,048 [INFO] ThreadPoolExecutor-0_1: [ThreadPoolExecutor-0_1] Processing Excel: M365Maps April 2025.xlsx
2025-08-24 21:31:02,049 [INFO] ThreadPoolExecutor-0_2: [ThreadPoolExecutor-0_2] Processing Excel: Microsoft 365 Matrix.xlsx
2025-08-24 21:31:02,176 [INFO] MainThread: Progress: 1/89 (1.1%) | Success: 1 | Failed: 0 | ETA: 0.2m
2025-08-24 21:31:02,696 [INFO] MainThread: Progress: 2/89 (2.2%) | Success: 2 | Failed: 0 | ETA: 0.5m
2025-08-24 21:31:02,699 [INFO] MainThread: Progress: 3/89 (3.4%) | Success: 3 | Failed: 0 | ETA: 0.3m
2025-08-24 21:31:02,699 [INFO] MainThread: Processing 86 PDF files with 4 processes...
2025-08-24 21:31:05,305 [INFO] MainThread: Progress: 4/89 (4.5%) | Success: 4 | Failed: 0 | ETA: 1.2m
2025-08-24 21:31:05,345 [INFO] MainThread: Progress: 5/89 (5.6%) | Success: 5 | Failed: 0 | ETA: 0.9m
2025-08-24 21:31:05,441 [INFO] MainThread: Progress: 6/89 (6.7%) | Success: 6 | Failed: 0 | ETA: 0.8m
2025-08-24 21:31:06,093 [INFO] MainThread: Progress: 7/89 (7.9%) | Success: 7 | Failed: 0 | ETA: 0.8m
2025-08-24 21:31:06,232 [INFO] MainThread: Progress: 8/89 (9.0%) | Success: 8 | Failed: 0 | ETA: 0.7m
2025-08-24 21:31:07,059 [INFO] MainThread: Progress: 9/89 (10.1%) | Success: 9 | Failed: 0 | ETA: 0.7m
2025-08-24 21:31:08,144 [INFO] MainThread: Progress: 10/89 (11.2%) | Success: 10 | Failed: 0 | ETA: 0.8m
2025-08-24 21:31:08,160 [INFO] MainThread: Progress: 11/89 (12.4%) | Success: 11 | Failed: 0 | ETA: 0.7m
2025-08-24 21:31:08,505 [INFO] MainThread: Progress: 12/89 (13.5%) | Success: 12 | Failed: 0 | ETA: 0.7m
2025-08-24 21:31:08,721 [INFO] MainThread: Progress: 13/89 (14.6%) | Success: 13 | Failed: 0 | ETA: 0.7m
2025-08-24 21:31:09,117 [INFO] MainThread: Progress: 14/89 (15.7%) | Success: 14 | Failed: 0 | ETA: 0.6m
2025-08-24 21:31:09,126 [INFO] MainThread: Progress: 15/89 (16.9%) | Success: 15 | Failed: 0 | ETA: 0.6m
2025-08-24 21:31:09,172 [INFO] MainThread: Progress: 16/89 (18.0%) | Success: 16 | Failed: 0 | ETA: 0.5m
2025-08-24 21:31:09,534 [INFO] MainThread: Progress: 17/89 (19.1%) | Success: 17 | Failed: 0 | ETA: 0.5m
2025-08-24 21:31:09,831 [INFO] MainThread: Progress: 18/89 (20.2%) | Success: 18 | Failed: 0 | ETA: 0.5m
2025-08-24 21:31:09,887 [INFO] MainThread: Progress: 19/89 (21.3%) | Success: 19 | Failed: 0 | ETA: 0.5m
2025-08-24 21:31:09,938 [INFO] MainThread: Progress: 20/89 (22.5%) | Success: 20 | Failed: 0 | ETA: 0.5m
2025-08-24 21:31:10,360 [INFO] MainThread: Progress: 21/89 (23.6%) | Success: 21 | Failed: 0 | ETA: 0.4m
2025-08-24 21:31:11,644 [INFO] MainThread: Progress: 22/89 (24.7%) | Success: 22 | Failed: 0 | ETA: 0.5m
2025-08-24 21:31:13,688 [INFO] MainThread: Progress: 23/89 (25.8%) | Success: 23 | Failed: 0 | ETA: 0.6m
2025-08-24 21:31:14,018 [INFO] MainThread: Progress: 24/89 (27.0%) | Success: 24 | Failed: 0 | ETA: 0.5m
2025-08-24 21:31:15,445 [INFO] MainThread: Progress: 25/89 (28.1%) | Success: 25 | Failed: 0 | ETA: 0.6m
2025-08-24 21:31:16,607 [INFO] MainThread: Progress: 26/89 (29.2%) | Success: 26 | Failed: 0 | ETA: 0.6m
2025-08-24 21:31:17,009 [INFO] MainThread: Progress: 27/89 (30.3%) | Success: 27 | Failed: 0 | ETA: 0.6m
2025-08-24 21:31:19,558 [INFO] MainThread: Progress: 28/89 (31.5%) | Success: 28 | Failed: 0 | ETA: 0.6m
2025-08-24 21:31:19,709 [INFO] MainThread: Progress: 29/89 (32.6%) | Success: 29 | Failed: 0 | ETA: 0.6m
2025-08-24 21:31:21,030 [INFO] MainThread: Progress: 30/89 (33.7%) | Success: 30 | Failed: 0 | ETA: 0.6m
2025-08-24 21:31:21,518 [INFO] MainThread: Progress: 31/89 (34.8%) | Success: 31 | Failed: 0 | ETA: 0.6m
2025-08-24 21:31:21,626 [INFO] MainThread: Progress: 32/89 (36.0%) | Success: 32 | Failed: 0 | ETA: 0.6m
2025-08-24 21:31:23,888 [INFO] MainThread: Progress: 33/89 (37.1%) | Success: 33 | Failed: 0 | ETA: 0.6m
2025-08-24 21:31:26,090 [INFO] MainThread: Progress: 34/89 (38.2%) | Success: 34 | Failed: 0 | ETA: 0.6m
2025-08-24 21:31:28,246 [INFO] MainThread: Progress: 35/89 (39.3%) | Success: 35 | Failed: 0 | ETA: 0.7m
2025-08-24 21:31:28,355 [INFO] MainThread: Progress: 36/89 (40.4%) | Success: 36 | Failed: 0 | ETA: 0.6m
2025-08-24 21:31:28,997 [INFO] MainThread: Progress: 37/89 (41.6%) | Success: 37 | Failed: 0 | ETA: 0.6m
2025-08-24 21:31:33,044 [INFO] MainThread: Progress: 38/89 (42.7%) | Success: 38 | Failed: 0 | ETA: 0.7m
2025-08-24 21:31:35,258 [INFO] MainThread: Progress: 39/89 (43.8%) | Success: 39 | Failed: 0 | ETA: 0.7m
2025-08-24 21:31:37,119 [INFO] MainThread: Progress: 40/89 (44.9%) | Success: 40 | Failed: 0 | ETA: 0.7m
2025-08-24 21:31:41,348 [INFO] MainThread: Progress: 41/89 (46.1%) | Success: 41 | Failed: 0 | ETA: 0.8m
2025-08-24 21:31:56,640 [INFO] MainThread: Progress: 42/89 (47.2%) | Success: 42 | Failed: 0 | ETA: 1.0m
2025-08-24 21:32:00,905 [INFO] MainThread: Progress: 43/89 (48.3%) | Success: 43 | Failed: 0 | ETA: 1.0m
2025-08-24 21:32:01,668 [INFO] MainThread: Progress: 44/89 (49.4%) | Success: 44 | Failed: 0 | ETA: 1.0m
2025-08-24 21:32:06,595 [INFO] MainThread: Progress: 45/89 (50.6%) | Success: 45 | Failed: 0 | ETA: 1.1m
2025-08-24 21:32:08,096 [INFO] MainThread: Progress: 46/89 (51.7%) | Success: 46 | Failed: 0 | ETA: 1.0m
2025-08-24 21:32:08,406 [INFO] MainThread: Progress: 47/89 (52.8%) | Success: 47 | Failed: 0 | ETA: 1.0m
2025-08-24 21:32:08,973 [INFO] MainThread: Progress: 48/89 (53.9%) | Success: 48 | Failed: 0 | ETA: 1.0m
2025-08-24 21:32:09,527 [INFO] MainThread: Progress: 49/89 (55.1%) | Success: 49 | Failed: 0 | ETA: 0.9m
2025-08-24 21:32:09,847 [INFO] MainThread: Progress: 50/89 (56.2%) | Success: 50 | Failed: 0 | ETA: 0.9m
2025-08-24 21:32:10,070 [INFO] MainThread: Progress: 51/89 (57.3%) | Success: 51 | Failed: 0 | ETA: 0.8m
2025-08-24 21:32:10,566 [INFO] MainThread: Progress: 52/89 (58.4%) | Success: 52 | Failed: 0 | ETA: 0.8m
2025-08-24 21:32:10,761 [INFO] MainThread: Progress: 53/89 (59.6%) | Success: 53 | Failed: 0 | ETA: 0.8m
2025-08-24 21:32:10,850 [INFO] MainThread: Progress: 54/89 (60.7%) | Success: 54 | Failed: 0 | ETA: 0.7m
2025-08-24 21:32:11,644 [INFO] MainThread: Progress: 55/89 (61.8%) | Success: 55 | Failed: 0 | ETA: 0.7m
2025-08-24 21:32:12,064 [INFO] MainThread: Progress: 56/89 (62.9%) | Success: 56 | Failed: 0 | ETA: 0.7m
2025-08-24 21:32:12,721 [INFO] MainThread: Progress: 57/89 (64.0%) | Success: 57 | Failed: 0 | ETA: 0.7m
2025-08-24 21:32:12,973 [INFO] MainThread: Progress: 58/89 (65.2%) | Success: 58 | Failed: 0 | ETA: 0.6m
2025-08-24 21:32:13,165 [INFO] MainThread: Progress: 59/89 (66.3%) | Success: 59 | Failed: 0 | ETA: 0.6m
2025-08-24 21:32:13,347 [INFO] MainThread: Progress: 60/89 (67.4%) | Success: 60 | Failed: 0 | ETA: 0.6m
2025-08-24 21:32:13,775 [INFO] MainThread: Progress: 61/89 (68.5%) | Success: 61 | Failed: 0 | ETA: 0.5m
2025-08-24 21:32:14,087 [INFO] MainThread: Progress: 62/89 (69.7%) | Success: 62 | Failed: 0 | ETA: 0.5m
2025-08-24 21:32:14,484 [INFO] MainThread: Progress: 63/89 (70.8%) | Success: 63 | Failed: 0 | ETA: 0.5m
2025-08-24 21:32:15,306 [INFO] MainThread: Progress: 64/89 (71.9%) | Success: 64 | Failed: 0 | ETA: 0.5m
2025-08-24 21:32:16,896 [INFO] MainThread: Progress: 65/89 (73.0%) | Success: 65 | Failed: 0 | ETA: 0.5m
2025-08-24 21:32:18,847 [INFO] MainThread: Progress: 66/89 (74.2%) | Success: 66 | Failed: 0 | ETA: 0.4m
2025-08-24 21:32:20,066 [INFO] MainThread: Progress: 67/89 (75.3%) | Success: 67 | Failed: 0 | ETA: 0.4m
2025-08-24 21:32:20,360 [INFO] MainThread: Progress: 68/89 (76.4%) | Success: 68 | Failed: 0 | ETA: 0.4m
2025-08-24 21:32:22,484 [INFO] MainThread: Progress: 69/89 (77.5%) | Success: 69 | Failed: 0 | ETA: 0.4m
2025-08-24 21:32:24,561 [INFO] MainThread: Progress: 70/89 (78.7%) | Success: 70 | Failed: 0 | ETA: 0.4m
2025-08-24 21:32:24,939 [INFO] MainThread: Progress: 71/89 (79.8%) | Success: 71 | Failed: 0 | ETA: 0.4m
2025-08-24 21:32:25,653 [INFO] MainThread: Progress: 72/89 (80.9%) | Success: 72 | Failed: 0 | ETA: 0.3m
2025-08-24 21:32:27,781 [INFO] MainThread: Progress: 73/89 (82.0%) | Success: 73 | Failed: 0 | ETA: 0.3m
2025-08-24 21:32:28,220 [INFO] MainThread: Progress: 74/89 (83.1%) | Success: 74 | Failed: 0 | ETA: 0.3m
2025-08-24 21:32:29,233 [INFO] MainThread: Progress: 75/89 (84.3%) | Success: 75 | Failed: 0 | ETA: 0.3m
2025-08-24 21:32:30,796 [INFO] MainThread: Progress: 76/89 (85.4%) | Success: 76 | Failed: 0 | ETA: 0.3m
2025-08-24 21:32:30,947 [INFO] MainThread: Progress: 77/89 (86.5%) | Success: 77 | Failed: 0 | ETA: 0.2m
2025-08-24 21:32:31,173 [INFO] MainThread: Progress: 78/89 (87.6%) | Success: 78 | Failed: 0 | ETA: 0.2m
2025-08-24 21:32:31,457 [INFO] MainThread: Progress: 79/89 (88.8%) | Success: 79 | Failed: 0 | ETA: 0.2m
2025-08-24 21:32:32,237 [INFO] MainThread: Progress: 80/89 (89.9%) | Success: 80 | Failed: 0 | ETA: 0.2m
2025-08-24 21:32:32,293 [INFO] MainThread: Progress: 81/89 (91.0%) | Success: 81 | Failed: 0 | ETA: 0.1m
2025-08-24 21:32:32,634 [INFO] MainThread: Progress: 82/89 (92.1%) | Success: 82 | Failed: 0 | ETA: 0.1m
2025-08-24 21:32:33,168 [INFO] MainThread: Progress: 83/89 (93.3%) | Success: 83 | Failed: 0 | ETA: 0.1m
2025-08-24 21:32:34,765 [INFO] MainThread: Progress: 84/89 (94.4%) | Success: 84 | Failed: 0 | ETA: 0.1m
2025-08-24 21:32:35,046 [INFO] MainThread: Progress: 85/89 (95.5%) | Success: 85 | Failed: 0 | ETA: 0.1m
2025-08-24 21:32:35,542 [INFO] MainThread: Progress: 86/89 (96.6%) | Success: 86 | Failed: 0 | ETA: 0.1m
2025-08-24 21:32:35,583 [INFO] MainThread: Progress: 87/89 (97.8%) | Success: 87 | Failed: 0 | ETA: 0.0m
2025-08-24 21:32:37,991 [INFO] MainThread: Progress: 88/89 (98.9%) | Success: 88 | Failed: 0 | ETA: 0.0m
2025-08-24 21:32:41,271 [INFO] MainThread: Progress: 89/89 (100.0%) | Success: 89 | Failed: 0 | ETA: 0.0m
2025-08-24 21:32:41,591 [INFO] MainThread: 
==================================================
2025-08-24 21:32:41,591 [INFO] MainThread: COMBINING DATA
2025-08-24 21:32:41,591 [INFO] MainThread: ==================================================
2025-08-24 21:32:41,591 [INFO] MainThread: Combining 188 DataFrames...
2025-08-24 21:32:42,405 [INFO] MainThread: Before deduplication: 2570 rows
2025-08-24 21:32:42,544 [INFO] MainThread: After deduplication: 2503 rows
2025-08-24 21:32:42,544 [INFO] MainThread: Analyzing schema...
2025-08-24 21:32:42,699 [INFO] MainThread: 
========================================
2025-08-24 21:32:42,700 [INFO] MainThread: SAVING OUTPUTS
2025-08-24 21:32:42,700 [INFO] MainThread: ========================================
2025-08-24 21:32:42,829 [INFO] MainThread: 
================================================================================
2025-08-24 21:32:42,829 [INFO] MainThread: PARALLEL PROCESSING COMPLETE
2025-08-24 21:32:42,829 [INFO] MainThread: ================================================================================
2025-08-24 21:32:42,845 [INFO] MainThread:    - CSV: 1/1
2025-08-24 21:32:42,845 [INFO] MainThread:    - Excel: 2/2
2025-08-24 21:32:42,845 [INFO] MainThread:    - PDF: 86/86
2025-08-24 21:32:42,847 [INFO] MainThread:    - CSV: D:\m365\kb\master_data.csv
2025-08-24 21:32:42,847 [INFO] MainThread:    - Parquet: D:\m365\kb\master_data.parquet
2025-08-24 21:32:42,848 [INFO] MainThread:    - Metadata: D:\m365\kb\metadata.json
2025-08-24 21:32:42,848 [INFO] MainThread:    - Schema: D:\m365\kb\schema.json
